<?xml version="1.0" encoding="utf-8"?><testsuites name="pytest tests"><testsuite name="pytest" errors="0" failures="0" skipped="1" tests="34" time="10.574" timestamp="2026-09-01T11:58:32.879630+00:00" hostname="agent-env-645e611b-a064-4f83-bdc3-7b6c3bb4011b"><testcase classname="backend_test.TestHealth" name="test_root" time="0.186" /><testcase classname="backend_test.TestDashboard" name="test_dashboard_shape" time="0.092" /><testcase classname="backend_test.TestDashboard" name="test_dashboard_month_filter" time="0.183" /><testcase classname="backend_test.TestDashboard" name="test_dashboard_year_filter" time="0.100" /><testcase classname="backend_test.TestDashboard" name="test_dashboard_account_filter" time="0.267" /><testcase classname="backend_test.TestTransactions" name="test_list_all" time="0.164" /><testcase classname="backend_test.TestTransactions" name="test_sorted_desc_by_date" time="0.088" /><testcase classname="backend_test.TestTransactions" name="test_filter_type[income]" time="0.095" /><testcase classname="backend_test.TestTransactions" name="test_filter_type[expense]" time="0.097" /><testcase classname="backend_test.TestTransactions" name="test_filter_date_range" time="0.080" /><testcase classname="backend_test.TestTransactions" name="test_filter_category" time="0.187" /><testcase classname="backend_test.TestCardTransactions" name="test_list" time="0.104" /><testcase classname="backend_test.TestCardTransactions" name="test_filter_card_id" time="0.183" /><testcase classname="backend_test.TestCardTransactions" name="test_filter_bogus_card_id_returns_empty" time="0.081" /><testcase classname="backend_test.TestCrud" name="test_account_crud" time="0.450" /><testcase classname="backend_test.TestCrud" name="test_card_crud" time="0.330" /><testcase classname="backend_test.TestCrud" name="test_category_and_subcategory_crud" time="0.682" /><testcase classname="backend_test.TestCrud" name="test_404s" time="0.420" /><testcase classname="backend_test.TestCrud" name="test_settings" time="0.103" /><testcase classname="backend_test.TestRulesRetroactive" name="test_create_rule_applies_to_bank" time="0.605" /><testcase classname="backend_test.TestRulesRetroactive" name="test_create_rule_applies_to_card" time="0.172" /><testcase classname="backend_test.TestRulesRetroactive" name="test_update_rule_reapplies" time="0.456" /><testcase classname="backend_test.TestRulesRetroactive" name="test_rule_with_regex_metacharacters_in_concept" time="0.650"><skipped type="pytest.xfail" message="KNOWN BUG: `contains` is injected raw into $regex without re.escape, so concepts containing regex metacharacters are never matched retroactively" /></testcase><testcase classname="backend_test.TestRulesRetroactive" name="test_rules_sorted_by_priority_desc" time="0.079" /><testcase classname="backend_test.TestImport" name="test_parse_csv" time="0.427" /><testcase classname="backend_test.TestImport" name="test_parse_csv_card_has_no_type" time="0.094" /><testcase classname="backend_test.TestImport" name="test_parse_xlsx" time="0.270" /><testcase classname="backend_test.TestImport" name="test_parse_xls" time="0.114" /><testcase classname="backend_test.TestImport" name="test_unsupported_format" time="0.094" /><testcase classname="backend_test.TestImport" name="test_confirm_inserts_then_dedups" time="0.453" /><testcase classname="backend_test.TestImport" name="test_confirm_card_inserts_and_dedups" time="0.356" /><testcase classname="backend_test.TestInlineCategorization" name="test_update_transaction_category" time="0.515" /><testcase classname="backend_test.TestInlineCategorization" name="test_update_card_transaction_category" time="0.408" /><testcase classname="backend_test.TestInlineCategorization" name="test_duplicate_transaction_rejected" time="1.885" /></testsuite></testsuites>