<?xml version="1.0" encoding="utf-8"?><testsuites name="pytest tests"><testsuite name="pytest" errors="0" failures="0" skipped="0" tests="83" time="24.869" timestamp="2026-09-02T08:33:33.473030+00:00" hostname="agent-env-645e611b-a064-4f83-bdc3-7b6c3bb4011b"><testcase classname="tests.backend_test.TestHealth" name="test_root" time="0.538" /><testcase classname="tests.backend_test.TestDashboard" name="test_dashboard_shape" time="0.063" /><testcase classname="tests.backend_test.TestDashboard" name="test_dashboard_month_filter" time="0.120" /><testcase classname="tests.backend_test.TestDashboard" name="test_dashboard_year_filter" time="0.062" /><testcase classname="tests.backend_test.TestDashboard" name="test_dashboard_account_filter" time="0.237" /><testcase classname="tests.backend_test.TestTransactions" name="test_list_all" time="0.076" /><testcase classname="tests.backend_test.TestTransactions" name="test_sorted_desc_by_date" time="0.074" /><testcase classname="tests.backend_test.TestTransactions" name="test_filter_type[income]" time="0.063" /><testcase classname="tests.backend_test.TestTransactions" name="test_filter_type[expense]" time="0.069" /><testcase classname="tests.backend_test.TestTransactions" name="test_filter_date_range" time="0.061" /><testcase classname="tests.backend_test.TestTransactions" name="test_filter_category" time="0.121" /><testcase classname="tests.backend_test.TestCardTransactions" name="test_list" time="0.078" /><testcase classname="tests.backend_test.TestCardTransactions" name="test_filter_card_id" time="0.156" /><testcase classname="tests.backend_test.TestCardTransactions" name="test_filter_bogus_card_id_returns_empty" time="0.662" /><testcase classname="tests.backend_test.TestCrud" name="test_account_crud" time="1.166" /><testcase classname="tests.backend_test.TestCrud" name="test_card_crud" time="0.249" /><testcase classname="tests.backend_test.TestCrud" name="test_category_and_subcategory_crud" time="3.112" /><testcase classname="tests.backend_test.TestCrud" name="test_404s" time="1.090" /><testcase classname="tests.backend_test.TestCrud" name="test_settings" time="0.061" /><testcase classname="tests.backend_test.TestRulesRetroactive" name="test_create_rule_applies_to_bank" time="0.443" /><testcase classname="tests.backend_test.TestRulesRetroactive" name="test_create_rule_applies_to_card" time="0.122" /><testcase classname="tests.backend_test.TestRulesRetroactive" name="test_update_rule_reapplies" time="0.309" /><testcase classname="tests.backend_test.TestRulesRetroactive" name="test_rule_with_regex_metacharacters_in_concept" time="0.247" /><testcase classname="tests.backend_test.TestRulesRetroactive" name="test_rules_sorted_by_priority_desc" time="0.059" /><testcase classname="tests.backend_test.TestImport" name="test_parse_csv" time="0.312" /><testcase classname="tests.backend_test.TestImport" name="test_parse_csv_card_has_no_type" time="0.063" /><testcase classname="tests.backend_test.TestImport" name="test_parse_xlsx" time="0.231" /><testcase classname="tests.backend_test.TestImport" name="test_parse_xls" time="0.129" /><testcase classname="tests.backend_test.TestImport" name="test_unsupported_format" time="0.064" /><testcase classname="tests.backend_test.TestImport" name="test_confirm_inserts_then_dedups" time="0.308" /><testcase classname="tests.backend_test.TestImport" name="test_confirm_card_inserts_and_dedups" time="0.243" /><testcase classname="tests.backend_test.TestInlineCategorization" name="test_update_transaction_category" time="0.365" /><testcase classname="tests.backend_test.TestInlineCategorization" name="test_update_card_transaction_category" time="0.316" /><testcase classname="tests.backend_test.TestInlineCategorization" name="test_duplicate_transaction_rejected" time="1.415" /><testcase classname="tests.test_auth.TestLogin" name="test_login_success" time="0.463" /><testcase classname="tests.test_auth.TestLogin" name="test_login_wrong_password" time="0.353" /><testcase classname="tests.test_auth.TestLogin" name="test_login_unknown_email" time="0.176" /><testcase classname="tests.test_auth.TestLogin" name="test_login_invalid_email_format" time="0.157" /><testcase classname="tests.test_auth.TestLogin" name="test_login_email_case_insensitive" time="0.366" /><testcase classname="tests.test_auth.TestMeLogout" name="test_me_with_token" time="0.115" /><testcase classname="tests.test_auth.TestMeLogout" name="test_me_without_token" time="0.116" /><testcase classname="tests.test_auth.TestMeLogout" name="test_me_invalid_token" time="0.134" /><testcase classname="tests.test_auth.TestMeLogout" name="test_me_malformed_scheme" time="0.122" /><testcase classname="tests.test_auth.TestMeLogout" name="test_logout" time="0.139" /><testcase classname="tests.test_auth.TestMeLogout" name="test_logout_without_token" time="0.138" /><testcase classname="tests.test_auth.TestAuthGating" name="test_get_requires_auth[/]" time="0.114" /><testcase classname="tests.test_auth.TestAuthGating" name="test_get_requires_auth[/dashboard]" time="0.116" /><testcase classname="tests.test_auth.TestAuthGating" name="test_get_requires_auth[/dashboard/expense-by-category]" time="0.150" /><testcase classname="tests.test_auth.TestAuthGating" name="test_get_requires_auth[/dashboard/monthly-summary?year=2025]" time="0.131" /><testcase classname="tests.test_auth.TestAuthGating" name="test_get_requires_auth[/accounts]" time="0.124" /><testcase classname="tests.test_auth.TestAuthGating" name="test_get_requires_auth[/credit-cards]" time="0.143" /><testcase classname="tests.test_auth.TestAuthGating" name="test_get_requires_auth[/categories]" time="0.164" /><testcase classname="tests.test_auth.TestAuthGating" name="test_get_requires_auth[/subcategories]" time="0.115" /><testcase classname="tests.test_auth.TestAuthGating" name="test_get_requires_auth[/transactions]" time="0.114" /><testcase classname="tests.test_auth.TestAuthGating" name="test_get_requires_auth[/card-transactions]" time="0.114" /><testcase classname="tests.test_auth.TestAuthGating" name="test_get_requires_auth[/rules]" time="0.132" /><testcase classname="tests.test_auth.TestAuthGating" name="test_get_requires_auth[/settings]" time="0.123" /><testcase classname="tests.test_auth.TestAuthGating" name="test_post_requires_auth[/accounts]" time="0.110" /><testcase classname="tests.test_auth.TestAuthGating" name="test_post_requires_auth[/credit-cards]" time="0.141" /><testcase classname="tests.test_auth.TestAuthGating" name="test_post_requires_auth[/categories]" time="0.129" /><testcase classname="tests.test_auth.TestAuthGating" name="test_post_requires_auth[/subcategories]" time="0.138" /><testcase classname="tests.test_auth.TestAuthGating" name="test_post_requires_auth[/rules]" time="0.112" /><testcase classname="tests.test_auth.TestAuthGating" name="test_post_requires_auth[/transactions]" time="0.153" /><testcase classname="tests.test_auth.TestAuthGating" name="test_post_requires_auth[/card-transactions]" time="0.155" /><testcase classname="tests.test_auth.TestAuthGating" name="test_post_requires_auth[/import/confirm]" time="0.151" /><testcase classname="tests.test_auth.TestAuthGating" name="test_parse_csv_requires_auth" time="0.160" /><testcase classname="tests.test_auth.TestAuthGating" name="test_mutations_require_auth" time="1.528" /><testcase classname="tests.test_auth.TestAuthGating" name="test_get_with_valid_token[/]" time="0.142" /><testcase classname="tests.test_auth.TestAuthGating" name="test_get_with_valid_token[/dashboard]" time="0.141" /><testcase classname="tests.test_auth.TestAuthGating" name="test_get_with_valid_token[/dashboard/expense-by-category]" time="0.129" /><testcase classname="tests.test_auth.TestAuthGating" name="test_get_with_valid_token[/dashboard/monthly-summary?year=2025]" time="0.110" /><testcase classname="tests.test_auth.TestAuthGating" name="test_get_with_valid_token[/accounts]" time="0.160" /><testcase classname="tests.test_auth.TestAuthGating" name="test_get_with_valid_token[/credit-cards]" time="0.127" /><testcase classname="tests.test_auth.TestAuthGating" name="test_get_with_valid_token[/categories]" time="0.143" /><testcase classname="tests.test_auth.TestAuthGating" name="test_get_with_valid_token[/subcategories]" time="0.126" /><testcase classname="tests.test_auth.TestAuthGating" name="test_get_with_valid_token[/transactions]" time="0.213" /><testcase classname="tests.test_auth.TestAuthGating" name="test_get_with_valid_token[/card-transactions]" time="0.226" /><testcase classname="tests.test_auth.TestAuthGating" name="test_get_with_valid_token[/rules]" time="0.141" /><testcase classname="tests.test_auth.TestAuthGating" name="test_get_with_valid_token[/settings]" time="0.143" /><testcase classname="tests.test_auth.TestChangePassword" name="test_requires_auth" time="0.113" /><testcase classname="tests.test_auth.TestChangePassword" name="test_wrong_current_password" time="0.353" /><testcase classname="tests.test_auth.TestChangePassword" name="test_short_new_password" time="0.132" /><testcase classname="tests.test_auth.TestChangePassword" name="test_rotate_and_restore" time="3.132" /></testsuite></testsuites>